2016-04-25 11:39:07 - MOD: Modification Default
FILE: system/engine/action.php
REGEX: ~(require|include)(_once)?\(([^)]+)~
LINE: 58
FILE: system/engine/loader.php
REGEX: ~(require|include)(_once)?\(([^)]+)~
LINE: 20
LINE: 37
LINE: 54
LINE: 65
FILE: system/library/config.php
REGEX: ~(require|include)(_once)?\(([^)]+)~
LINE: 23
FILE: system/library/language.php
REGEX: ~(require|include)(_once)?\(([^)]+)~
LINE: 21
LINE: 27
----------------------------------------------------------------
MOD: <font color="#0000"><b>Menu 100% theme Default</font>
FILE: catalog/view/theme/default/template/common/header.tpl
CODE: <div class="container">
LINE: 88
CODE: <nav id="menu" class="navbar">
LINE: 94
CODE: </nav>
LINE: 71
LINE: 127
----------------------------------------------------------------
2016-04-25 12:11:46 - MOD: Modification Default
FILE: system/engine/action.php
REGEX: ~(require|include)(_once)?\(([^)]+)~
LINE: 58
FILE: system/engine/loader.php
REGEX: ~(require|include)(_once)?\(([^)]+)~
LINE: 20
LINE: 37
LINE: 54
LINE: 65
FILE: system/library/config.php
REGEX: ~(require|include)(_once)?\(([^)]+)~
LINE: 23
FILE: system/library/language.php
REGEX: ~(require|include)(_once)?\(([^)]+)~
LINE: 21
LINE: 27
----------------------------------------------------------------
MOD: <font color="#0000"><b>Menu 100% theme Default</font>
FILE: catalog/view/theme/default/template/common/header.tpl
CODE: <div class="container">
LINE: 88
CODE: <nav id="menu" class="navbar">
LINE: 94
CODE: </nav>
LINE: 71
LINE: 127
----------------------------------------------------------------
